<?xml version="1.0" encoding="UTF-8"?>
<!-- Generated by org.testng.reporters.JUnitReportReporter -->
<testsuite hostname="DESKTOP-M3KOU0A" failures="0" tests="1" name="testcases.TC004_CreateAccount" time="27.631" errors="0" timestamp="04 Dec 2023 17:21:26 GMT" skipped="0">
  <testcase classname="testcases.TC004_CreateAccount" name="create_account" time="27.631"/>
</testsuite> <!-- testcases.TC004_CreateAccount -->
