<?xml version="1.0" encoding="UTF-8"?>
<!-- Generated by org.testng.reporters.JUnitReportReporter -->
<testsuite hostname="DESKTOP-M3KOU0A" failures="0" tests="1" name="testcases.TC001_LaunchURL_US" time="15.718" errors="0" timestamp="04 Dec 2023 17:21:26 GMT" skipped="0">
  <testcase classname="testcases.TC001_LaunchURL_US" name="usLink" time="15.718"/>
</testsuite> <!-- testcases.TC001_LaunchURL_US -->
