<?xml version="1.0" encoding="UTF-8"?>
<!-- Generated by org.testng.reporters.JUnitReportReporter -->
<testsuite hostname="DESKTOP-M3KOU0A" failures="0" tests="1" name="testcases.TC018_ForgotPassword" time="22.470" errors="0" timestamp="04 Dec 2023 17:21:26 GMT" skipped="0">
  <testcase classname="testcases.TC018_ForgotPassword" name="forgotPassword" time="22.470"/>
</testsuite> <!-- testcases.TC018_ForgotPassword -->
