<?xml version="1.0" encoding="UTF-8"?>
<!-- Generated by org.testng.reporters.JUnitReportReporter -->
<testsuite hostname="DESKTOP-M3KOU0A" failures="0" tests="1" name="testcases.TC012_VerifyHeadLessBrowser" time="153.786" errors="0" timestamp="27 Nov 2023 15:03:18 GMT" skipped="0">
  <testcase classname="testcases.TC012_VerifyHeadLessBrowser" name="verifyTitle" time="153.786"/>
</testsuite> <!-- testcases.TC012_VerifyHeadLessBrowser -->
