<?xml version="1.0" encoding="UTF-8"?>
<!-- Generated by org.testng.reporters.JUnitReportReporter -->
<testsuite hostname="DESKTOP-M3KOU0A" failures="0" tests="1" name="testcases.TC008_AddAnItem" time="126.327" errors="0" timestamp="04 Dec 2023 17:31:05 GMT" skipped="0">
  <testcase classname="testcases.TC008_AddAnItem" name="addItemToCart" time="126.327"/>
</testsuite> <!-- testcases.TC008_AddAnItem -->
