<?xml version="1.0" encoding="UTF-8"?>
<!-- Generated by org.testng.reporters.JUnitReportReporter -->
<testsuite hostname="DESKTOP-M3KOU0A" failures="0" tests="1" name="testcases.TC005_SignIn" time="28.116" errors="0" timestamp="04 Dec 2023 17:21:26 GMT" skipped="0">
  <testcase classname="testcases.TC005_SignIn" name="signIn" time="28.116"/>
</testsuite> <!-- testcases.TC005_SignIn -->
