<?xml version="1.0" encoding="UTF-8"?>
<!-- Generated by org.testng.reporters.JUnitReportReporter -->
<testsuite hostname="DESKTOP-M3KOU0A" failures="0" tests="1" name="testcases.TC015_FilterAnItem" time="51.565" errors="0" timestamp="04 Dec 2023 17:21:26 GMT" skipped="0">
  <testcase classname="testcases.TC015_FilterAnItem" name="filterAnItem" time="51.565"/>
</testsuite> <!-- testcases.TC015_FilterAnItem -->
