<?xml version="1.0" encoding="UTF-8"?>
<!-- Generated by org.testng.reporters.JUnitReportReporter -->
<testsuite hostname="DESKTOP-M3KOU0A" failures="0" tests="1" name="testcases.TC011_CreateAccount_Negative" time="38.176" errors="0" timestamp="03 Dec 2023 13:36:23 GMT" skipped="0">
  <testcase classname="testcases.TC011_CreateAccount_Negative" name="feildValidations" time="38.176"/>
</testsuite> <!-- testcases.TC011_CreateAccount_Negative -->
