<?xml version="1.0" encoding="UTF-8"?>
<!-- Generated by org.testng.reporters.JUnitReportReporter -->
<testsuite hostname="DESKTOP-M3KOU0A" failures="0" tests="1" name="testcases.TC013_RemoveAnItem" time="81.049" errors="0" timestamp="04 Dec 2023 17:36:25 GMT" skipped="0">
  <testcase classname="testcases.TC013_RemoveAnItem" name="removeItem" time="81.049"/>
</testsuite> <!-- testcases.TC013_RemoveAnItem -->
