<?xml version="1.0" encoding="UTF-8"?>
<!-- Generated by org.testng.reporters.JUnitReportReporter -->
<testsuite hostname="DESKTOP-M3KOU0A" failures="0" tests="1" name="testcases.TC016_FeildValidation_SignIn" time="26.006" errors="0" timestamp="04 Dec 2023 17:21:26 GMT" skipped="0">
  <testcase classname="testcases.TC016_FeildValidation_SignIn" name="verifyPasswordFeild" time="26.006"/>
</testsuite> <!-- testcases.TC016_FeildValidation_SignIn -->
