<?xml version="1.0" encoding="UTF-8"?>
<!-- Generated by org.testng.reporters.JUnitReportReporter -->
<testsuite hostname="DESKTOP-M3KOU0A" failures="0" tests="1" name="testcases.TC006_NavigationOfMenu" time="111.038" errors="0" timestamp="04 Dec 2023 17:13:09 GMT" skipped="0">
  <testcase classname="testcases.TC006_NavigationOfMenu" name="navigationMenu" time="111.038"/>
</testsuite> <!-- testcases.TC006_NavigationOfMenu -->
