<?xml version="1.0" encoding="UTF-8"?>
<!-- Generated by org.testng.reporters.JUnitReportReporter -->
<testsuite hostname="DESKTOP-M3KOU0A" failures="0" tests="1" name="testcases.TC003_ClickAccount" time="23.729" errors="0" timestamp="04 Dec 2023 17:21:26 GMT" skipped="0">
  <testcase classname="testcases.TC003_ClickAccount" name="click_account" time="23.729"/>
</testsuite> <!-- testcases.TC003_ClickAccount -->
