<?xml version="1.0" encoding="UTF-8"?>
<!-- Generated by org.testng.reporters.JUnitReportReporter -->
<testsuite hostname="DESKTOP-M3KOU0A" failures="0" tests="1" name="testcases.TC009_ValidateBrokenLink" time="23.237" errors="0" timestamp="04 Dec 2023 17:42:51 GMT" skipped="0">
  <testcase classname="testcases.TC009_ValidateBrokenLink" name="brokenLink" time="23.237"/>
</testsuite> <!-- testcases.TC009_ValidateBrokenLink -->
