<?xml version="1.0" encoding="UTF-8"?>
<!-- Generated by org.testng.reporters.JUnitReportReporter -->
<testsuite hostname="DESKTOP-M3KOU0A" failures="0" tests="1" name="testcases.TC007_NavigationOfBottomLinks" time="14.203" errors="0" timestamp="04 Dec 2023 17:42:51 GMT" skipped="0">
  <testcase classname="testcases.TC007_NavigationOfBottomLinks" name="clickBottomLinks" time="14.203"/>
</testsuite> <!-- testcases.TC007_NavigationOfBottomLinks -->
