<?xml version="1.0" encoding="UTF-8"?>
<!-- Generated by org.testng.reporters.JUnitReportReporter -->
<testsuite hostname="DESKTOP-M3KOU0A" failures="0" tests="1" name="testcases.TC010_SignIn_Negative" time="37.609" errors="0" timestamp="03 Dec 2023 13:36:23 GMT" skipped="0">
  <testcase classname="testcases.TC010_SignIn_Negative" name="signIn" time="37.609"/>
</testsuite> <!-- testcases.TC010_SignIn_Negative -->
